

*******************************************************************************
Sat Mar  2 15:39:46 2024


FIT:    data read from "time.decomp.txt"
        format = z
        #datapoints = 80
        residuals are weighted equally (unit weight)

function used for fitting: O(n)
	O(n) = a*n^3
fitted parameters initialized with current variable values



*******************************************************************************
Sat Mar  2 15:40:01 2024


FIT:    data read from "time.decomp.txt"
        format = z
        #datapoints = 80
        residuals are weighted equally (unit weight)

function used for fitting: O
fitted parameters initialized with current variable values



*******************************************************************************
Sat Mar  2 15:40:30 2024


FIT:    data read from "time.decomp.txt"
        format = z
        #datapoints = 80
        residuals are weighted equally (unit weight)

function used for fitting: O(x)
	O(x) = a*x^3
fitted parameters initialized with current variable values



*******************************************************************************
Sat Mar  2 15:40:59 2024


FIT:    data read from "time.decomp.txt"
        format = z
        #datapoints = 80
        residuals are weighted equally (unit weight)

function used for fitting: O(x)
	O(x) = a*x^3
fitted parameters initialized with current variable values



*******************************************************************************
Sat Mar  2 15:41:19 2024


FIT:    data read from "time.decomp.txt"
        format = z
        #datapoints = 80
        residuals are weighted equally (unit weight)

function used for fitting: O(x)
	O(x) = a*x^3
fitted parameters initialized with current variable values



*******************************************************************************
Sat Mar  2 15:41:47 2024


FIT:    data read from "time.decomp.txt"
        format = z
        #datapoints = 80
        residuals are weighted equally (unit weight)

function used for fitting: O(x)
	O(x) = a*x**3
fitted parameters initialized with current variable values

iter      chisq       delta/lim  lambda   a            
   0 4.8885026649e+16   0.00e+00  2.47e+07    1.000000e+00
   4 2.3059436691e-02  -7.89e-01  2.47e+03    6.029384e-09

After 4 iterations the fit converged.
final sum of squares of residuals : 0.0230594
rel. change during last iteration : -7.88656e-06

degrees of freedom    (FIT_NDF)                        : 79
rms of residuals      (FIT_STDFIT) = sqrt(WSSR/ndf)    : 0.0170848
variance of residuals (reduced chisquare) = WSSR/ndf   : 0.000291892

Final set of parameters            Asymptotic Standard Error
=======================            ==========================
a               = 6.02938e-09      +/- 7.727e-11    (1.282%)


*******************************************************************************
Sat Mar  2 15:42:41 2024


FIT:    data read from "time.decomp.txt"
        format = z
        #datapoints = 80
        residuals are weighted equally (unit weight)

function used for fitting: O(x)
	O(x) = a*x**3
fitted parameters initialized with current variable values

iter      chisq       delta/lim  lambda   a            
   0 4.8885026649e+16   0.00e+00  2.47e+07    1.000000e+00
   4 2.3059436691e-02  -7.89e-01  2.47e+03    6.029384e-09

After 4 iterations the fit converged.
final sum of squares of residuals : 0.0230594
rel. change during last iteration : -7.88656e-06

degrees of freedom    (FIT_NDF)                        : 79
rms of residuals      (FIT_STDFIT) = sqrt(WSSR/ndf)    : 0.0170848
variance of residuals (reduced chisquare) = WSSR/ndf   : 0.000291892

Final set of parameters            Asymptotic Standard Error
=======================            ==========================
a               = 6.02938e-09      +/- 7.727e-11    (1.282%)


*******************************************************************************
Sat Mar  2 15:48:26 2024


FIT:    data read from "time.decomp.txt"
        format = z
        #datapoints = 80
        residuals are weighted equally (unit weight)

function used for fitting: O(x)
	O(x) = a*x**3
fitted parameters initialized with current variable values

iter      chisq       delta/lim  lambda   a            
   0 4.8885026649e+16   0.00e+00  2.47e+07    1.000000e+00
   4 2.3059436691e-02  -7.89e-01  2.47e+03    6.029384e-09

After 4 iterations the fit converged.
final sum of squares of residuals : 0.0230594
rel. change during last iteration : -7.88656e-06

degrees of freedom    (FIT_NDF)                        : 79
rms of residuals      (FIT_STDFIT) = sqrt(WSSR/ndf)    : 0.0170848
variance of residuals (reduced chisquare) = WSSR/ndf   : 0.000291892

Final set of parameters            Asymptotic Standard Error
=======================            ==========================
a               = 6.02938e-09      +/- 7.727e-11    (1.282%)


*******************************************************************************
Sat Mar  2 15:48:44 2024


FIT:    data read from "time.decomp.txt"
        format = z
        #datapoints = 80
        residuals are weighted equally (unit weight)

function used for fitting: O(x)
	O(x) = a*x**3
fitted parameters initialized with current variable values

iter      chisq       delta/lim  lambda   a            
   0 4.8885026649e+16   0.00e+00  2.47e+07    1.000000e+00
   4 2.3059436691e-02  -7.89e-01  2.47e+03    6.029384e-09

After 4 iterations the fit converged.
final sum of squares of residuals : 0.0230594
rel. change during last iteration : -7.88656e-06

degrees of freedom    (FIT_NDF)                        : 79
rms of residuals      (FIT_STDFIT) = sqrt(WSSR/ndf)    : 0.0170848
variance of residuals (reduced chisquare) = WSSR/ndf   : 0.000291892

Final set of parameters            Asymptotic Standard Error
=======================            ==========================
a               = 6.02938e-09      +/- 7.727e-11    (1.282%)


*******************************************************************************
Sat Mar  2 15:53:54 2024


FIT:    data read from "time.decomp.txt"
        format = z
        #datapoints = 80
        residuals are weighted equally (unit weight)

function used for fitting: O(x)
	O(x) = a*x**3
fitted parameters initialized with current variable values

iter      chisq       delta/lim  lambda   a            
   0 4.8885026649e+16   0.00e+00  2.47e+07    1.000000e+00
   4 2.3059436691e-02  -7.89e-01  2.47e+03    6.029384e-09

After 4 iterations the fit converged.
final sum of squares of residuals : 0.0230594
rel. change during last iteration : -7.88656e-06

degrees of freedom    (FIT_NDF)                        : 79
rms of residuals      (FIT_STDFIT) = sqrt(WSSR/ndf)    : 0.0170848
variance of residuals (reduced chisquare) = WSSR/ndf   : 0.000291892

Final set of parameters            Asymptotic Standard Error
=======================            ==========================
a               = 6.02938e-09      +/- 7.727e-11    (1.282%)


*******************************************************************************
Sat Mar  2 15:54:23 2024


FIT:    data read from "time.decomp.txt"
        format = z
        #datapoints = 80
        residuals are weighted equally (unit weight)

function used for fitting: O(x)
	O(x) = a*x**3
fitted parameters initialized with current variable values

iter      chisq       delta/lim  lambda   a            
   0 4.8885026649e+16   0.00e+00  2.47e+07    1.000000e+00
   4 2.3059436691e-02  -7.89e-01  2.47e+03    6.029384e-09

After 4 iterations the fit converged.
final sum of squares of residuals : 0.0230594
rel. change during last iteration : -7.88656e-06

degrees of freedom    (FIT_NDF)                        : 79
rms of residuals      (FIT_STDFIT) = sqrt(WSSR/ndf)    : 0.0170848
variance of residuals (reduced chisquare) = WSSR/ndf   : 0.000291892

Final set of parameters            Asymptotic Standard Error
=======================            ==========================
a               = 6.02938e-09      +/- 7.727e-11    (1.282%)


*******************************************************************************
Sat Mar  2 15:54:55 2024


FIT:    data read from "time.decomp.txt"
        format = z
        #datapoints = 80
        residuals are weighted equally (unit weight)

function used for fitting: O(x)
	O(x) = a*x**3
fitted parameters initialized with current variable values

iter      chisq       delta/lim  lambda   a            
   0 4.8885026649e+16   0.00e+00  2.47e+07    1.000000e+00
   4 2.3059436691e-02  -7.89e-01  2.47e+03    6.029384e-09

After 4 iterations the fit converged.
final sum of squares of residuals : 0.0230594
rel. change during last iteration : -7.88656e-06

degrees of freedom    (FIT_NDF)                        : 79
rms of residuals      (FIT_STDFIT) = sqrt(WSSR/ndf)    : 0.0170848
variance of residuals (reduced chisquare) = WSSR/ndf   : 0.000291892

Final set of parameters            Asymptotic Standard Error
=======================            ==========================
a               = 6.02938e-09      +/- 7.727e-11    (1.282%)


*******************************************************************************
Sat Mar  2 15:56:56 2024


FIT:    data read from "time.decomp.txt"
        format = z
        #datapoints = 80
        residuals are weighted equally (unit weight)

function used for fitting: O(x)
	O(x) = a*x**3
fitted parameters initialized with current variable values

iter      chisq       delta/lim  lambda   a            
   0 4.8885026649e+16   0.00e+00  2.47e+07    1.000000e+00
   4 2.3059436691e-02  -7.89e-01  2.47e+03    6.029384e-09

After 4 iterations the fit converged.
final sum of squares of residuals : 0.0230594
rel. change during last iteration : -7.88656e-06

degrees of freedom    (FIT_NDF)                        : 79
rms of residuals      (FIT_STDFIT) = sqrt(WSSR/ndf)    : 0.0170848
variance of residuals (reduced chisquare) = WSSR/ndf   : 0.000291892

Final set of parameters            Asymptotic Standard Error
=======================            ==========================
a               = 6.02938e-09      +/- 7.727e-11    (1.282%)


*******************************************************************************
Sat Mar  2 15:57:57 2024


FIT:    data read from "time.decomp.txt"
        format = z
        #datapoints = 80
        residuals are weighted equally (unit weight)

function used for fitting: O(x)
	O(x) = a*x**3
fitted parameters initialized with current variable values

iter      chisq       delta/lim  lambda   a            
   0 4.8885026649e+16   0.00e+00  2.47e+07    1.000000e+00
   4 2.3059436691e-02  -7.89e-01  2.47e+03    6.029384e-09

After 4 iterations the fit converged.
final sum of squares of residuals : 0.0230594
rel. change during last iteration : -7.88656e-06

degrees of freedom    (FIT_NDF)                        : 79
rms of residuals      (FIT_STDFIT) = sqrt(WSSR/ndf)    : 0.0170848
variance of residuals (reduced chisquare) = WSSR/ndf   : 0.000291892

Final set of parameters            Asymptotic Standard Error
=======================            ==========================
a               = 6.02938e-09      +/- 7.727e-11    (1.282%)


*******************************************************************************
Sat Mar  2 15:58:50 2024


FIT:    data read from "time.decomp.txt"
        format = z
        #datapoints = 80
        residuals are weighted equally (unit weight)

function used for fitting: O(x)
	O(x) = a*x**3
fitted parameters initialized with current variable values

iter      chisq       delta/lim  lambda   a            
   0 4.8885026649e+16   0.00e+00  2.47e+07    1.000000e+00
   4 2.3059436691e-02  -7.89e-01  2.47e+03    6.029384e-09

After 4 iterations the fit converged.
final sum of squares of residuals : 0.0230594
rel. change during last iteration : -7.88656e-06

degrees of freedom    (FIT_NDF)                        : 79
rms of residuals      (FIT_STDFIT) = sqrt(WSSR/ndf)    : 0.0170848
variance of residuals (reduced chisquare) = WSSR/ndf   : 0.000291892

Final set of parameters            Asymptotic Standard Error
=======================            ==========================
a               = 6.02938e-09      +/- 7.727e-11    (1.282%)


*******************************************************************************
Sat Mar  2 16:01:48 2024


FIT:    data read from "time.decomp.txt"
        format = z
        #datapoints = 80
        residuals are weighted equally (unit weight)

function used for fitting: O(x)
	O(x) = a*x**3
fitted parameters initialized with current variable values

iter      chisq       delta/lim  lambda   a            
   0 4.8885026649e+16   0.00e+00  2.47e+07    1.000000e+00
   4 2.3059436691e-02  -7.89e-01  2.47e+03    6.029384e-09

After 4 iterations the fit converged.
final sum of squares of residuals : 0.0230594
rel. change during last iteration : -7.88656e-06

degrees of freedom    (FIT_NDF)                        : 79
rms of residuals      (FIT_STDFIT) = sqrt(WSSR/ndf)    : 0.0170848
variance of residuals (reduced chisquare) = WSSR/ndf   : 0.000291892

Final set of parameters            Asymptotic Standard Error
=======================            ==========================
a               = 6.02938e-09      +/- 7.727e-11    (1.282%)


*******************************************************************************
Sat Mar  2 16:02:12 2024


FIT:    data read from "time.decomp.txt"
        format = z
        #datapoints = 80
        residuals are weighted equally (unit weight)

function used for fitting: O(x)
	O(x) = a*x**3
fitted parameters initialized with current variable values

iter      chisq       delta/lim  lambda   a            
   0 4.8885026649e+16   0.00e+00  2.47e+07    1.000000e+00
   4 2.3059436691e-02  -7.89e-01  2.47e+03    6.029384e-09

After 4 iterations the fit converged.
final sum of squares of residuals : 0.0230594
rel. change during last iteration : -7.88656e-06

degrees of freedom    (FIT_NDF)                        : 79
rms of residuals      (FIT_STDFIT) = sqrt(WSSR/ndf)    : 0.0170848
variance of residuals (reduced chisquare) = WSSR/ndf   : 0.000291892

Final set of parameters            Asymptotic Standard Error
=======================            ==========================
a               = 6.02938e-09      +/- 7.727e-11    (1.282%)


*******************************************************************************
Sat Mar  2 16:02:47 2024


FIT:    data read from "time.decomp.txt"
        format = z
        #datapoints = 80
        residuals are weighted equally (unit weight)

function used for fitting: O(x)
	O(x) = a*x**3
fitted parameters initialized with current variable values

iter      chisq       delta/lim  lambda   a            
   0 4.8885026649e+16   0.00e+00  2.47e+07    1.000000e+00
   4 2.3059436691e-02  -7.89e-01  2.47e+03    6.029384e-09

After 4 iterations the fit converged.
final sum of squares of residuals : 0.0230594
rel. change during last iteration : -7.88656e-06

degrees of freedom    (FIT_NDF)                        : 79
rms of residuals      (FIT_STDFIT) = sqrt(WSSR/ndf)    : 0.0170848
variance of residuals (reduced chisquare) = WSSR/ndf   : 0.000291892

Final set of parameters            Asymptotic Standard Error
=======================            ==========================
a               = 6.02938e-09      +/- 7.727e-11    (1.282%)


*******************************************************************************
Sat Mar  2 16:03:01 2024


FIT:    data read from "time.decomp.txt"
        format = z
        #datapoints = 80
        residuals are weighted equally (unit weight)

function used for fitting: O(x)
	O(x) = a*x**3
fitted parameters initialized with current variable values

iter      chisq       delta/lim  lambda   a            
   0 4.8885026649e+16   0.00e+00  2.47e+07    1.000000e+00
   4 2.3059436691e-02  -7.89e-01  2.47e+03    6.029384e-09

After 4 iterations the fit converged.
final sum of squares of residuals : 0.0230594
rel. change during last iteration : -7.88656e-06

degrees of freedom    (FIT_NDF)                        : 79
rms of residuals      (FIT_STDFIT) = sqrt(WSSR/ndf)    : 0.0170848
variance of residuals (reduced chisquare) = WSSR/ndf   : 0.000291892

Final set of parameters            Asymptotic Standard Error
=======================            ==========================
a               = 6.02938e-09      +/- 7.727e-11    (1.282%)


*******************************************************************************
Sun Mar  3 10:41:19 2024


FIT:    data read from data
        format = z
BREAK: bad data on line 1 of datafile

*******************************************************************************
Sun Mar  3 10:42:22 2024


FIT:    data read from data
        format = z
BREAK: bad data on line 1 of datafile

*******************************************************************************
Sun Mar  3 10:43:03 2024


FIT:    data read from data
        format = z
BREAK: bad data on line 1 of datafile

*******************************************************************************
Sun Mar  3 10:44:34 2024


FIT:    data read from data
        format = z
BREAK: bad data on line 1 of datafile

*******************************************************************************
Sun Mar  3 14:08:53 2024


FIT:    data read from data
        format = z
        #datapoints = 80
        residuals are weighted equally (unit weight)

function used for fitting: O(x)
	O(x) = a*x**3
fitted parameters initialized with current variable values

iter      chisq       delta/lim  lambda   a            
   0 4.8885026649e+16   0.00e+00  2.47e+07    1.000000e+00
   4 2.3059436691e-02  -7.89e-01  2.47e+03    6.029384e-09

After 4 iterations the fit converged.
final sum of squares of residuals : 0.0230594
rel. change during last iteration : -7.88656e-06

degrees of freedom    (FIT_NDF)                        : 79
rms of residuals      (FIT_STDFIT) = sqrt(WSSR/ndf)    : 0.0170848
variance of residuals (reduced chisquare) = WSSR/ndf   : 0.000291892

Final set of parameters            Asymptotic Standard Error
=======================            ==========================
a               = 6.02938e-09      +/- 7.727e-11    (1.282%)


*******************************************************************************
Sun Mar  3 14:08:53 2024


FIT:    data read from data
        format = z
        #datapoints = 80
        residuals are weighted equally (unit weight)

function used for fitting: O(x)
	O(x) = a*x**3
fitted parameters initialized with current variable values

iter      chisq       delta/lim  lambda   a            
   0 2.6017904073e-02   0.00e+00  1.49e-01    6.029384e-09
   2 2.5537160952e-02  -2.87e-01  1.49e-03    5.930217e-09

After 2 iterations the fit converged.
final sum of squares of residuals : 0.0255372
rel. change during last iteration : -2.86926e-06

degrees of freedom    (FIT_NDF)                        : 79
rms of residuals      (FIT_STDFIT) = sqrt(WSSR/ndf)    : 0.0179793
variance of residuals (reduced chisquare) = WSSR/ndf   : 0.000323255

Final set of parameters            Asymptotic Standard Error
=======================            ==========================
a               = 5.93022e-09      +/- 8.132e-11    (1.371%)


*******************************************************************************
Sun Mar  3 14:08:53 2024


FIT:    data read from data
        format = z
        #datapoints = 80
        residuals are weighted equally (unit weight)

function used for fitting: O(x)
	O(x) = a*x**3
fitted parameters initialized with current variable values

iter      chisq       delta/lim  lambda   a            
   0 3.9556427678e-02   0.00e+00  1.47e-01    5.930217e-09
   3 2.9214393623e-02  -8.43e-08  1.47e-04    6.390172e-09

After 3 iterations the fit converged.
final sum of squares of residuals : 0.0292144
rel. change during last iteration : -8.42826e-13

degrees of freedom    (FIT_NDF)                        : 79
rms of residuals      (FIT_STDFIT) = sqrt(WSSR/ndf)    : 0.0192302
variance of residuals (reduced chisquare) = WSSR/ndf   : 0.000369802

Final set of parameters            Asymptotic Standard Error
=======================            ==========================
a               = 6.39017e-09      +/- 8.698e-11    (1.361%)


*******************************************************************************
Sun Mar  3 14:08:53 2024


FIT:    data read from data
        format = z
        #datapoints = 80
        residuals are weighted equally (unit weight)

function used for fitting: O(x)
	O(x) = a*x**3
fitted parameters initialized with current variable values

iter      chisq       delta/lim  lambda   a            
   0 2.7911552742e-01   0.00e+00  1.58e-01    6.390172e-09
   3 2.4909849738e-02  -2.43e-06  1.58e-04    8.670538e-09

After 3 iterations the fit converged.
final sum of squares of residuals : 0.0249098
rel. change during last iteration : -2.42969e-11

degrees of freedom    (FIT_NDF)                        : 79
rms of residuals      (FIT_STDFIT) = sqrt(WSSR/ndf)    : 0.0177571
variance of residuals (reduced chisquare) = WSSR/ndf   : 0.000315315

Final set of parameters            Asymptotic Standard Error
=======================            ==========================
a               = 8.67054e-09      +/- 8.031e-11    (0.9263%)


*******************************************************************************
Sun Mar  3 14:11:02 2024


FIT:    data read from data
        format = z
        #datapoints = 80
        residuals are weighted equally (unit weight)

function used for fitting: O(x)
	O(x) = a*x**3
fitted parameters initialized with current variable values

iter      chisq       delta/lim  lambda   a            
   0 4.8885026649e+16   0.00e+00  2.47e+07    1.000000e+00
   4 2.3059436691e-02  -7.89e-01  2.47e+03    6.029384e-09

After 4 iterations the fit converged.
final sum of squares of residuals : 0.0230594
rel. change during last iteration : -7.88656e-06

degrees of freedom    (FIT_NDF)                        : 79
rms of residuals      (FIT_STDFIT) = sqrt(WSSR/ndf)    : 0.0170848
variance of residuals (reduced chisquare) = WSSR/ndf   : 0.000291892

Final set of parameters            Asymptotic Standard Error
=======================            ==========================
a               = 6.02938e-09      +/- 7.727e-11    (1.282%)


*******************************************************************************
Sun Mar  3 14:14:45 2024


FIT:    data read from data
        format = z
        #datapoints = 80
        residuals are weighted equally (unit weight)

function used for fitting: O(x)
	O(x) = a*x**3
fitted parameters initialized with current variable values

iter      chisq       delta/lim  lambda   a            
   0 4.8885026649e+16   0.00e+00  2.47e+07    1.000000e+00
   4 2.3059436691e-02  -7.89e-01  2.47e+03    6.029384e-09

After 4 iterations the fit converged.
final sum of squares of residuals : 0.0230594
rel. change during last iteration : -7.88656e-06

degrees of freedom    (FIT_NDF)                        : 79
rms of residuals      (FIT_STDFIT) = sqrt(WSSR/ndf)    : 0.0170848
variance of residuals (reduced chisquare) = WSSR/ndf   : 0.000291892

Final set of parameters            Asymptotic Standard Error
=======================            ==========================
a               = 6.02938e-09      +/- 7.727e-11    (1.282%)


*******************************************************************************
Sun Mar  3 14:17:07 2024


FIT:    data read from data
        format = z
        #datapoints = 80
        residuals are weighted equally (unit weight)

function used for fitting: O(x)
	O(x) = a*x**3
fitted parameters initialized with current variable values

   4 2.3059436691e-02  -7.89e-01  2.47e+03    6.029384e-09

After 4 iterations the fit converged.
final sum of squares of residuals : 0.0230594
rel. change during last iteration : -7.88656e-06

degrees of freedom    (FIT_NDF)                        : 79
rms of residuals      (FIT_STDFIT) = sqrt(WSSR/ndf)    : 0.0170848
variance of residuals (reduced chisquare) = WSSR/ndf   : 0.000291892

Final set of parameters            Asymptotic Standard Error
=======================            ==========================
a               = 6.02938e-09      +/- 7.727e-11    (1.282%)


*******************************************************************************
Sun Mar  3 14:17:07 2024


FIT:    data read from data
        format = z
        #datapoints = 80
        residuals are weighted equally (unit weight)

function used for fitting: O(x)
	O(x) = a*x**3
fitted parameters initialized with current variable values

   2 2.5537160952e-02  -2.87e-01  1.49e-03    5.930217e-09

After 2 iterations the fit converged.
final sum of squares of residuals : 0.0255372
rel. change during last iteration : -2.86926e-06

degrees of freedom    (FIT_NDF)                        : 79
rms of residuals      (FIT_STDFIT) = sqrt(WSSR/ndf)    : 0.0179793
variance of residuals (reduced chisquare) = WSSR/ndf   : 0.000323255

Final set of parameters            Asymptotic Standard Error
=======================            ==========================
a               = 5.93022e-09      +/- 8.132e-11    (1.371%)


*******************************************************************************
Sun Mar  3 14:17:07 2024


FIT:    data read from data
        format = z
        #datapoints = 80
        residuals are weighted equally (unit weight)

function used for fitting: O(x)
	O(x) = a*x**3
fitted parameters initialized with current variable values

   3 2.9214393623e-02  -8.43e-08  1.47e-04    6.390172e-09

After 3 iterations the fit converged.
final sum of squares of residuals : 0.0292144
rel. change during last iteration : -8.42826e-13

degrees of freedom    (FIT_NDF)                        : 79
rms of residuals      (FIT_STDFIT) = sqrt(WSSR/ndf)    : 0.0192302
variance of residuals (reduced chisquare) = WSSR/ndf   : 0.000369802

Final set of parameters            Asymptotic Standard Error
=======================            ==========================
a               = 6.39017e-09      +/- 8.698e-11    (1.361%)


*******************************************************************************
Sun Mar  3 14:17:07 2024


FIT:    data read from data
        format = z
        #datapoints = 80
        residuals are weighted equally (unit weight)

function used for fitting: O(x)
	O(x) = a*x**3
fitted parameters initialized with current variable values

   3 2.4909849738e-02  -2.43e-06  1.58e-04    8.670538e-09

After 3 iterations the fit converged.
final sum of squares of residuals : 0.0249098
rel. change during last iteration : -2.42969e-11

degrees of freedom    (FIT_NDF)                        : 79
rms of residuals      (FIT_STDFIT) = sqrt(WSSR/ndf)    : 0.0177571
variance of residuals (reduced chisquare) = WSSR/ndf   : 0.000315315

Final set of parameters            Asymptotic Standard Error
=======================            ==========================
a               = 8.67054e-09      +/- 8.031e-11    (0.9263%)


*******************************************************************************
Sun Mar  3 14:18:09 2024


FIT:    data read from data
        format = z
        #datapoints = 80
        residuals are weighted equally (unit weight)

function used for fitting: O(x)
	O(x) = a*x**3
fitted parameters initialized with current variable values

   4 2.3059436691e-02  -7.89e-01  2.47e+03    6.029384e-09

After 4 iterations the fit converged.
final sum of squares of residuals : 0.0230594
rel. change during last iteration : -7.88656e-06

degrees of freedom    (FIT_NDF)                        : 79
rms of residuals      (FIT_STDFIT) = sqrt(WSSR/ndf)    : 0.0170848
variance of residuals (reduced chisquare) = WSSR/ndf   : 0.000291892

Final set of parameters            Asymptotic Standard Error
=======================            ==========================
a               = 6.02938e-09      +/- 7.727e-11    (1.282%)


*******************************************************************************
Sun Mar  3 14:20:36 2024


FIT:    data read from data
        format = z
        #datapoints = 80
        residuals are weighted equally (unit weight)

function used for fitting: O(x)
	O(x) = a*x**3
fitted parameters initialized with current variable values

   4 2.3059436691e-02  -7.89e-01  2.47e+03    6.029384e-09

After 4 iterations the fit converged.
final sum of squares of residuals : 0.0230594
rel. change during last iteration : -7.88656e-06

degrees of freedom    (FIT_NDF)                        : 79
rms of residuals      (FIT_STDFIT) = sqrt(WSSR/ndf)    : 0.0170848
variance of residuals (reduced chisquare) = WSSR/ndf   : 0.000291892

Final set of parameters            Asymptotic Standard Error
=======================            ==========================
a               = 6.02938e-09      +/- 7.727e-11    (1.282%)


*******************************************************************************
Sun Mar  3 14:20:57 2024


FIT:    data read from data
        format = z
        #datapoints = 80
        residuals are weighted equally (unit weight)

function used for fitting: O(x)
	O(x) = a*x**3
fitted parameters initialized with current variable values

   4 2.3059436691e-02  -7.89e-01  2.47e+03    6.029384e-09

After 4 iterations the fit converged.
final sum of squares of residuals : 0.0230594
rel. change during last iteration : -7.88656e-06

degrees of freedom    (FIT_NDF)                        : 79
rms of residuals      (FIT_STDFIT) = sqrt(WSSR/ndf)    : 0.0170848
variance of residuals (reduced chisquare) = WSSR/ndf   : 0.000291892

Final set of parameters            Asymptotic Standard Error
=======================            ==========================
a               = 6.02938e-09      +/- 7.727e-11    (1.282%)


*******************************************************************************
Sun Mar  3 14:23:10 2024


FIT:    data read from data
        format = z
        #datapoints = 80
        residuals are weighted equally (unit weight)

function used for fitting: O(x)
	O(x) = a*x**3
fitted parameters initialized with current variable values

   4 2.3059436691e-02  -7.89e-01  2.47e+03    6.029384e-09

After 4 iterations the fit converged.
final sum of squares of residuals : 0.0230594
rel. change during last iteration : -7.88656e-06

degrees of freedom    (FIT_NDF)                        : 79
rms of residuals      (FIT_STDFIT) = sqrt(WSSR/ndf)    : 0.0170848
variance of residuals (reduced chisquare) = WSSR/ndf   : 0.000291892

Final set of parameters            Asymptotic Standard Error
=======================            ==========================
a               = 6.02938e-09      +/- 7.727e-11    (1.282%)


*******************************************************************************
Sun Mar  3 14:23:10 2024


FIT:    data read from data
        format = z
        #datapoints = 80
        residuals are weighted equally (unit weight)

function used for fitting: O(x)
	O(x) = a*x**3
fitted parameters initialized with current variable values

   2 2.5537160952e-02  -2.87e-01  1.49e-03    5.930217e-09

After 2 iterations the fit converged.
final sum of squares of residuals : 0.0255372
rel. change during last iteration : -2.86926e-06

degrees of freedom    (FIT_NDF)                        : 79
rms of residuals      (FIT_STDFIT) = sqrt(WSSR/ndf)    : 0.0179793
variance of residuals (reduced chisquare) = WSSR/ndf   : 0.000323255

Final set of parameters            Asymptotic Standard Error
=======================            ==========================
a               = 5.93022e-09      +/- 8.132e-11    (1.371%)


*******************************************************************************
Sun Mar  3 14:23:10 2024


FIT:    data read from data
        format = z
        #datapoints = 80
        residuals are weighted equally (unit weight)

function used for fitting: O(x)
	O(x) = a*x**3
fitted parameters initialized with current variable values

   3 2.9214393623e-02  -8.43e-08  1.47e-04    6.390172e-09

After 3 iterations the fit converged.
final sum of squares of residuals : 0.0292144
rel. change during last iteration : -8.42826e-13

degrees of freedom    (FIT_NDF)                        : 79
rms of residuals      (FIT_STDFIT) = sqrt(WSSR/ndf)    : 0.0192302
variance of residuals (reduced chisquare) = WSSR/ndf   : 0.000369802

Final set of parameters            Asymptotic Standard Error
=======================            ==========================
a               = 6.39017e-09      +/- 8.698e-11    (1.361%)


*******************************************************************************
Sun Mar  3 14:23:10 2024


FIT:    data read from data
        format = z
        #datapoints = 80
        residuals are weighted equally (unit weight)

function used for fitting: O(x)
	O(x) = a*x**3
fitted parameters initialized with current variable values

   3 2.4909849738e-02  -2.43e-06  1.58e-04    8.670538e-09

After 3 iterations the fit converged.
final sum of squares of residuals : 0.0249098
rel. change during last iteration : -2.42969e-11

degrees of freedom    (FIT_NDF)                        : 79
rms of residuals      (FIT_STDFIT) = sqrt(WSSR/ndf)    : 0.0177571
variance of residuals (reduced chisquare) = WSSR/ndf   : 0.000315315

Final set of parameters            Asymptotic Standard Error
=======================            ==========================
a               = 8.67054e-09      +/- 8.031e-11    (0.9263%)


*******************************************************************************
Sun Mar  3 14:29:42 2024


FIT:    data read from data
        format = z
        #datapoints = 80
        residuals are weighted equally (unit weight)

function used for fitting: O(x)
	O(x) = a*x**3
fitted parameters initialized with current variable values

   4 2.3059436691e-02  -7.89e-01  2.47e+03    6.029384e-09

After 4 iterations the fit converged.
final sum of squares of residuals : 0.0230594
rel. change during last iteration : -7.88656e-06

degrees of freedom    (FIT_NDF)                        : 79
rms of residuals      (FIT_STDFIT) = sqrt(WSSR/ndf)    : 0.0170848
variance of residuals (reduced chisquare) = WSSR/ndf   : 0.000291892

Final set of parameters            Asymptotic Standard Error
=======================            ==========================
a               = 6.02938e-09      +/- 7.727e-11    (1.282%)


*******************************************************************************
Sun Mar  3 14:29:42 2024


FIT:    data read from data
        format = z
        #datapoints = 80
        residuals are weighted equally (unit weight)

function used for fitting: O(x)
	O(x) = a*x**3
fitted parameters initialized with current variable values

   2 2.5537160952e-02  -2.87e-01  1.49e-03    5.930217e-09

After 2 iterations the fit converged.
final sum of squares of residuals : 0.0255372
rel. change during last iteration : -2.86926e-06

degrees of freedom    (FIT_NDF)                        : 79
rms of residuals      (FIT_STDFIT) = sqrt(WSSR/ndf)    : 0.0179793
variance of residuals (reduced chisquare) = WSSR/ndf   : 0.000323255

Final set of parameters            Asymptotic Standard Error
=======================            ==========================
a               = 5.93022e-09      +/- 8.132e-11    (1.371%)


*******************************************************************************
Sun Mar  3 14:29:42 2024


FIT:    data read from data
        format = z
        #datapoints = 80
        residuals are weighted equally (unit weight)

function used for fitting: O(x)
	O(x) = a*x**3
fitted parameters initialized with current variable values

   3 2.9214393623e-02  -8.43e-08  1.47e-04    6.390172e-09

After 3 iterations the fit converged.
final sum of squares of residuals : 0.0292144
rel. change during last iteration : -8.42826e-13

degrees of freedom    (FIT_NDF)                        : 79
rms of residuals      (FIT_STDFIT) = sqrt(WSSR/ndf)    : 0.0192302
variance of residuals (reduced chisquare) = WSSR/ndf   : 0.000369802

Final set of parameters            Asymptotic Standard Error
=======================            ==========================
a               = 6.39017e-09      +/- 8.698e-11    (1.361%)


*******************************************************************************
Sun Mar  3 14:29:42 2024


FIT:    data read from data
        format = z
        #datapoints = 80
        residuals are weighted equally (unit weight)

function used for fitting: O(x)
	O(x) = a*x**3
fitted parameters initialized with current variable values

   3 2.4909849738e-02  -2.43e-06  1.58e-04    8.670538e-09

After 3 iterations the fit converged.
final sum of squares of residuals : 0.0249098
rel. change during last iteration : -2.42969e-11

degrees of freedom    (FIT_NDF)                        : 79
rms of residuals      (FIT_STDFIT) = sqrt(WSSR/ndf)    : 0.0177571
variance of residuals (reduced chisquare) = WSSR/ndf   : 0.000315315

Final set of parameters            Asymptotic Standard Error
=======================            ==========================
a               = 8.67054e-09      +/- 8.031e-11    (0.9263%)


*******************************************************************************
Sun Mar  3 14:32:33 2024


FIT:    data read from data
        format = z
        #datapoints = 80
        residuals are weighted equally (unit weight)

function used for fitting: O(x)
	O(x) = a*x**3
fitted parameters initialized with current variable values

   4 2.3059436691e-02  -7.89e-01  2.47e+03    6.029384e-09

After 4 iterations the fit converged.
final sum of squares of residuals : 0.0230594
rel. change during last iteration : -7.88656e-06

degrees of freedom    (FIT_NDF)                        : 79
rms of residuals      (FIT_STDFIT) = sqrt(WSSR/ndf)    : 0.0170848
variance of residuals (reduced chisquare) = WSSR/ndf   : 0.000291892

Final set of parameters            Asymptotic Standard Error
=======================            ==========================
a               = 6.02938e-09      +/- 7.727e-11    (1.282%)


*******************************************************************************
Sun Mar  3 14:32:33 2024


FIT:    data read from data
        format = z
        #datapoints = 80
        residuals are weighted equally (unit weight)

function used for fitting: O(x)
	O(x) = a*x**3
fitted parameters initialized with current variable values

   2 2.5537160952e-02  -2.87e-01  1.49e-03    5.930217e-09

After 2 iterations the fit converged.
final sum of squares of residuals : 0.0255372
rel. change during last iteration : -2.86926e-06

degrees of freedom    (FIT_NDF)                        : 79
rms of residuals      (FIT_STDFIT) = sqrt(WSSR/ndf)    : 0.0179793
variance of residuals (reduced chisquare) = WSSR/ndf   : 0.000323255

Final set of parameters            Asymptotic Standard Error
=======================            ==========================
a               = 5.93022e-09      +/- 8.132e-11    (1.371%)


*******************************************************************************
Sun Mar  3 14:32:33 2024


FIT:    data read from data
        format = z
        #datapoints = 80
        residuals are weighted equally (unit weight)

function used for fitting: O(x)
	O(x) = a*x**3
fitted parameters initialized with current variable values

   3 2.9214393623e-02  -8.43e-08  1.47e-04    6.390172e-09

After 3 iterations the fit converged.
final sum of squares of residuals : 0.0292144
rel. change during last iteration : -8.42826e-13

degrees of freedom    (FIT_NDF)                        : 79
rms of residuals      (FIT_STDFIT) = sqrt(WSSR/ndf)    : 0.0192302
variance of residuals (reduced chisquare) = WSSR/ndf   : 0.000369802

Final set of parameters            Asymptotic Standard Error
=======================            ==========================
a               = 6.39017e-09      +/- 8.698e-11    (1.361%)


*******************************************************************************
Sun Mar  3 14:32:33 2024


FIT:    data read from data
        format = z
        #datapoints = 80
        residuals are weighted equally (unit weight)

function used for fitting: O(x)
	O(x) = a*x**3
fitted parameters initialized with current variable values

   3 2.4909849738e-02  -2.43e-06  1.58e-04    8.670538e-09

After 3 iterations the fit converged.
final sum of squares of residuals : 0.0249098
rel. change during last iteration : -2.42969e-11

degrees of freedom    (FIT_NDF)                        : 79
rms of residuals      (FIT_STDFIT) = sqrt(WSSR/ndf)    : 0.0177571
variance of residuals (reduced chisquare) = WSSR/ndf   : 0.000315315

Final set of parameters            Asymptotic Standard Error
=======================            ==========================
a               = 8.67054e-09      +/- 8.031e-11    (0.9263%)


*******************************************************************************
Sun Mar  3 14:33:15 2024


FIT:    data read from data
        format = z
        #datapoints = 80
        residuals are weighted equally (unit weight)

function used for fitting: O(x)
	O(x) = a*x**3
fitted parameters initialized with current variable values

   4 2.3059436691e-02  -7.89e-01  2.47e+03    6.029384e-09

After 4 iterations the fit converged.
final sum of squares of residuals : 0.0230594
rel. change during last iteration : -7.88656e-06

degrees of freedom    (FIT_NDF)                        : 79
rms of residuals      (FIT_STDFIT) = sqrt(WSSR/ndf)    : 0.0170848
variance of residuals (reduced chisquare) = WSSR/ndf   : 0.000291892

Final set of parameters            Asymptotic Standard Error
=======================            ==========================
a               = 6.02938e-09      +/- 7.727e-11    (1.282%)


*******************************************************************************
Sun Mar  3 14:33:15 2024


FIT:    data read from data
        format = z
        #datapoints = 80
        residuals are weighted equally (unit weight)

function used for fitting: O(x)
	O(x) = a*x**3
fitted parameters initialized with current variable values

   2 2.5537160952e-02  -2.87e-01  1.49e-03    5.930217e-09

After 2 iterations the fit converged.
final sum of squares of residuals : 0.0255372
rel. change during last iteration : -2.86926e-06

degrees of freedom    (FIT_NDF)                        : 79
rms of residuals      (FIT_STDFIT) = sqrt(WSSR/ndf)    : 0.0179793
variance of residuals (reduced chisquare) = WSSR/ndf   : 0.000323255

Final set of parameters            Asymptotic Standard Error
=======================            ==========================
a               = 5.93022e-09      +/- 8.132e-11    (1.371%)


*******************************************************************************
Sun Mar  3 14:33:15 2024


FIT:    data read from data
        format = z
        #datapoints = 80
        residuals are weighted equally (unit weight)

function used for fitting: O(x)
	O(x) = a*x**3
fitted parameters initialized with current variable values

   3 2.9214393623e-02  -8.43e-08  1.47e-04    6.390172e-09

After 3 iterations the fit converged.
final sum of squares of residuals : 0.0292144
rel. change during last iteration : -8.42826e-13

degrees of freedom    (FIT_NDF)                        : 79
rms of residuals      (FIT_STDFIT) = sqrt(WSSR/ndf)    : 0.0192302
variance of residuals (reduced chisquare) = WSSR/ndf   : 0.000369802

Final set of parameters            Asymptotic Standard Error
=======================            ==========================
a               = 6.39017e-09      +/- 8.698e-11    (1.361%)


*******************************************************************************
Sun Mar  3 14:33:15 2024


FIT:    data read from data
        format = z
        #datapoints = 80
        residuals are weighted equally (unit weight)

function used for fitting: O(x)
	O(x) = a*x**3
fitted parameters initialized with current variable values

   3 2.4909849738e-02  -2.43e-06  1.58e-04    8.670538e-09

After 3 iterations the fit converged.
final sum of squares of residuals : 0.0249098
rel. change during last iteration : -2.42969e-11

degrees of freedom    (FIT_NDF)                        : 79
rms of residuals      (FIT_STDFIT) = sqrt(WSSR/ndf)    : 0.0177571
variance of residuals (reduced chisquare) = WSSR/ndf   : 0.000315315

Final set of parameters            Asymptotic Standard Error
=======================            ==========================
a               = 8.67054e-09      +/- 8.031e-11    (0.9263%)


*******************************************************************************
Sun Mar  3 14:39:14 2024


FIT:    data read from data
        format = z
        #datapoints = 80
        residuals are weighted equally (unit weight)

function used for fitting: O(x)
	O(x) = a*x**3
fitted parameters initialized with current variable values

   4 2.3059436691e-02  -7.89e-01  2.47e+03    6.029384e-09

After 4 iterations the fit converged.
final sum of squares of residuals : 0.0230594
rel. change during last iteration : -7.88656e-06

degrees of freedom    (FIT_NDF)                        : 79
rms of residuals      (FIT_STDFIT) = sqrt(WSSR/ndf)    : 0.0170848
variance of residuals (reduced chisquare) = WSSR/ndf   : 0.000291892

Final set of parameters            Asymptotic Standard Error
=======================            ==========================
a               = 6.02938e-09      +/- 7.727e-11    (1.282%)


*******************************************************************************
Sun Mar  3 14:39:14 2024


FIT:    data read from data
        format = z
        #datapoints = 80
        residuals are weighted equally (unit weight)

function used for fitting: O(x)
	O(x) = a*x**3
fitted parameters initialized with current variable values

   2 2.5537160952e-02  -2.87e-01  1.49e-03    5.930217e-09

After 2 iterations the fit converged.
final sum of squares of residuals : 0.0255372
rel. change during last iteration : -2.86926e-06

degrees of freedom    (FIT_NDF)                        : 79
rms of residuals      (FIT_STDFIT) = sqrt(WSSR/ndf)    : 0.0179793
variance of residuals (reduced chisquare) = WSSR/ndf   : 0.000323255

Final set of parameters            Asymptotic Standard Error
=======================            ==========================
a               = 5.93022e-09      +/- 8.132e-11    (1.371%)


*******************************************************************************
Sun Mar  3 14:39:14 2024


FIT:    data read from data
        format = z
        #datapoints = 80
        residuals are weighted equally (unit weight)

function used for fitting: O(x)
	O(x) = a*x**3
fitted parameters initialized with current variable values

   3 2.9214393623e-02  -8.43e-08  1.47e-04    6.390172e-09

After 3 iterations the fit converged.
final sum of squares of residuals : 0.0292144
rel. change during last iteration : -8.42826e-13

degrees of freedom    (FIT_NDF)                        : 79
rms of residuals      (FIT_STDFIT) = sqrt(WSSR/ndf)    : 0.0192302
variance of residuals (reduced chisquare) = WSSR/ndf   : 0.000369802

Final set of parameters            Asymptotic Standard Error
=======================            ==========================
a               = 6.39017e-09      +/- 8.698e-11    (1.361%)


*******************************************************************************
Sun Mar  3 14:39:14 2024


FIT:    data read from data
        format = z
        #datapoints = 80
        residuals are weighted equally (unit weight)

function used for fitting: O(x)
	O(x) = a*x**3
fitted parameters initialized with current variable values

   3 2.4909849738e-02  -2.43e-06  1.58e-04    8.670538e-09

After 3 iterations the fit converged.
final sum of squares of residuals : 0.0249098
rel. change during last iteration : -2.42969e-11

degrees of freedom    (FIT_NDF)                        : 79
rms of residuals      (FIT_STDFIT) = sqrt(WSSR/ndf)    : 0.0177571
variance of residuals (reduced chisquare) = WSSR/ndf   : 0.000315315

Final set of parameters            Asymptotic Standard Error
=======================            ==========================
a               = 8.67054e-09      +/- 8.031e-11    (0.9263%)


*******************************************************************************
Sun Mar  3 15:46:05 2024


FIT:    data read from filename using 1:2
        format = x:z
        #datapoints = 80
        residuals are weighted equally (unit weight)

function used for fitting: O(x)
	O(x) = a*x**3
fitted parameters initialized with current variable values

   4 2.3059436691e-02  -7.89e-01  2.47e+03    6.029384e-09

After 4 iterations the fit converged.
final sum of squares of residuals : 0.0230594
rel. change during last iteration : -7.88656e-06

degrees of freedom    (FIT_NDF)                        : 79
rms of residuals      (FIT_STDFIT) = sqrt(WSSR/ndf)    : 0.0170848
variance of residuals (reduced chisquare) = WSSR/ndf   : 0.000291892

Final set of parameters            Asymptotic Standard Error
=======================            ==========================
a               = 6.02938e-09      +/- 7.727e-11    (1.282%)


*******************************************************************************
Sun Mar  3 15:47:02 2024


FIT:    data read from filename using 1:2
        format = x:z
        #datapoints = 80
        residuals are weighted equally (unit weight)

function used for fitting: O(x)
	O(x) = a*x**3
fitted parameters initialized with current variable values

   4 2.3059436691e-02  -7.89e-01  2.47e+03    6.029384e-09

After 4 iterations the fit converged.
final sum of squares of residuals : 0.0230594
rel. change during last iteration : -7.88656e-06

degrees of freedom    (FIT_NDF)                        : 79
rms of residuals      (FIT_STDFIT) = sqrt(WSSR/ndf)    : 0.0170848
variance of residuals (reduced chisquare) = WSSR/ndf   : 0.000291892

Final set of parameters            Asymptotic Standard Error
=======================            ==========================
a               = 6.02938e-09      +/- 7.727e-11    (1.282%)


*******************************************************************************
Sun Mar  3 15:47:02 2024


FIT:    data read from filename using 1:2
        format = x:z
        #datapoints = 80
        residuals are weighted equally (unit weight)

function used for fitting: O(x)
	O(x) = a*x**3
fitted parameters initialized with current variable values

   2 2.5537160952e-02  -2.87e-01  1.49e-03    5.930217e-09

After 2 iterations the fit converged.
final sum of squares of residuals : 0.0255372
rel. change during last iteration : -2.86926e-06

degrees of freedom    (FIT_NDF)                        : 79
rms of residuals      (FIT_STDFIT) = sqrt(WSSR/ndf)    : 0.0179793
variance of residuals (reduced chisquare) = WSSR/ndf   : 0.000323255

Final set of parameters            Asymptotic Standard Error
=======================            ==========================
a               = 5.93022e-09      +/- 8.132e-11    (1.371%)


*******************************************************************************
Sun Mar  3 15:47:02 2024


FIT:    data read from filename using 1:2
        format = x:z
        #datapoints = 80
        residuals are weighted equally (unit weight)

function used for fitting: O(x)
	O(x) = a*x**3
fitted parameters initialized with current variable values

   3 2.9214393623e-02  -8.43e-08  1.47e-04    6.390172e-09

After 3 iterations the fit converged.
final sum of squares of residuals : 0.0292144
rel. change during last iteration : -8.42826e-13

degrees of freedom    (FIT_NDF)                        : 79
rms of residuals      (FIT_STDFIT) = sqrt(WSSR/ndf)    : 0.0192302
variance of residuals (reduced chisquare) = WSSR/ndf   : 0.000369802

Final set of parameters            Asymptotic Standard Error
=======================            ==========================
a               = 6.39017e-09      +/- 8.698e-11    (1.361%)


*******************************************************************************
Sun Mar  3 15:47:02 2024


FIT:    data read from filename using 1:2
        format = x:z
        #datapoints = 80
        residuals are weighted equally (unit weight)

function used for fitting: O(x)
	O(x) = a*x**3
fitted parameters initialized with current variable values

   3 2.4909849738e-02  -2.43e-06  1.58e-04    8.670538e-09

After 3 iterations the fit converged.
final sum of squares of residuals : 0.0249098
rel. change during last iteration : -2.42969e-11

degrees of freedom    (FIT_NDF)                        : 79
rms of residuals      (FIT_STDFIT) = sqrt(WSSR/ndf)    : 0.0177571
variance of residuals (reduced chisquare) = WSSR/ndf   : 0.000315315

Final set of parameters            Asymptotic Standard Error
=======================            ==========================
a               = 8.67054e-09      +/- 8.031e-11    (0.9263%)


*******************************************************************************
Sun Mar  3 15:48:57 2024


FIT:    data read from filename using 1:2
        format = x:z
        #datapoints = 80
        residuals are weighted equally (unit weight)

function used for fitting: O(x)
	O(x) = a*x**3
fitted parameters initialized with current variable values

   4 2.3059436691e-02  -7.89e-01  2.47e+03    6.029384e-09

After 4 iterations the fit converged.
final sum of squares of residuals : 0.0230594
rel. change during last iteration : -7.88656e-06

degrees of freedom    (FIT_NDF)                        : 79
rms of residuals      (FIT_STDFIT) = sqrt(WSSR/ndf)    : 0.0170848
variance of residuals (reduced chisquare) = WSSR/ndf   : 0.000291892

Final set of parameters            Asymptotic Standard Error
=======================            ==========================
a               = 6.02938e-09      +/- 7.727e-11    (1.282%)


*******************************************************************************
Sun Mar  3 15:48:57 2024


FIT:    data read from filename using 1:2
        format = x:z
        #datapoints = 80
        residuals are weighted equally (unit weight)

function used for fitting: O(x)
	O(x) = a*x**3
fitted parameters initialized with current variable values

   2 2.5537160952e-02  -2.87e-01  1.49e-03    5.930217e-09

After 2 iterations the fit converged.
final sum of squares of residuals : 0.0255372
rel. change during last iteration : -2.86926e-06

degrees of freedom    (FIT_NDF)                        : 79
rms of residuals      (FIT_STDFIT) = sqrt(WSSR/ndf)    : 0.0179793
variance of residuals (reduced chisquare) = WSSR/ndf   : 0.000323255

Final set of parameters            Asymptotic Standard Error
=======================            ==========================
a               = 5.93022e-09      +/- 8.132e-11    (1.371%)


*******************************************************************************
Sun Mar  3 15:48:57 2024


FIT:    data read from filename using 1:2
        format = x:z
        #datapoints = 80
        residuals are weighted equally (unit weight)

function used for fitting: O(x)
	O(x) = a*x**3
fitted parameters initialized with current variable values

   3 2.9214393623e-02  -8.43e-08  1.47e-04    6.390172e-09

After 3 iterations the fit converged.
final sum of squares of residuals : 0.0292144
rel. change during last iteration : -8.42826e-13

degrees of freedom    (FIT_NDF)                        : 79
rms of residuals      (FIT_STDFIT) = sqrt(WSSR/ndf)    : 0.0192302
variance of residuals (reduced chisquare) = WSSR/ndf   : 0.000369802

Final set of parameters            Asymptotic Standard Error
=======================            ==========================
a               = 6.39017e-09      +/- 8.698e-11    (1.361%)


*******************************************************************************
Sun Mar  3 15:48:57 2024


FIT:    data read from filename using 1:2
        format = x:z
        #datapoints = 80
        residuals are weighted equally (unit weight)

function used for fitting: O(x)
	O(x) = a*x**3
fitted parameters initialized with current variable values

   3 2.4909849738e-02  -2.43e-06  1.58e-04    8.670538e-09

After 3 iterations the fit converged.
final sum of squares of residuals : 0.0249098
rel. change during last iteration : -2.42969e-11

degrees of freedom    (FIT_NDF)                        : 79
rms of residuals      (FIT_STDFIT) = sqrt(WSSR/ndf)    : 0.0177571
variance of residuals (reduced chisquare) = WSSR/ndf   : 0.000315315

Final set of parameters            Asymptotic Standard Error
=======================            ==========================
a               = 8.67054e-09      +/- 8.031e-11    (0.9263%)


*******************************************************************************
Sun Mar  3 15:49:08 2024


FIT:    data read from filename using 1:2
        format = x:z
        #datapoints = 80
        residuals are weighted equally (unit weight)

function used for fitting: O(x)
	O(x) = a*x**3
fitted parameters initialized with current variable values

   4 2.3059436691e-02  -7.89e-01  2.47e+03    6.029384e-09

After 4 iterations the fit converged.
final sum of squares of residuals : 0.0230594
rel. change during last iteration : -7.88656e-06

degrees of freedom    (FIT_NDF)                        : 79
rms of residuals      (FIT_STDFIT) = sqrt(WSSR/ndf)    : 0.0170848
variance of residuals (reduced chisquare) = WSSR/ndf   : 0.000291892

Final set of parameters            Asymptotic Standard Error
=======================            ==========================
a               = 6.02938e-09      +/- 7.727e-11    (1.282%)


*******************************************************************************
Wed Mar  6 10:31:24 2024


FIT:    data read from filename using 1:2
        format = x:z
        #datapoints = 160
        residuals are weighted equally (unit weight)

function used for fitting: O(x)
	O(x) = a*x**3
fitted parameters initialized with current variable values

   4 5.0610290185e-02  -1.14e-02  2.47e+03    6.157132e-09

After 4 iterations the fit converged.
final sum of squares of residuals : 0.0506103
rel. change during last iteration : -1.13705e-07

degrees of freedom    (FIT_NDF)                        : 159
rms of residuals      (FIT_STDFIT) = sqrt(WSSR/ndf)    : 0.0178411
variance of residuals (reduced chisquare) = WSSR/ndf   : 0.000318304

Final set of parameters            Asymptotic Standard Error
=======================            ==========================
a               = 6.15713e-09      +/- 5.706e-11    (0.9267%)


*******************************************************************************
Wed Mar  6 10:32:14 2024


FIT:    data read from filename using 1:2
        format = x:z
        #datapoints = 160
        residuals are weighted equally (unit weight)

function used for fitting: O(x)
	O(x) = a*x**3
fitted parameters initialized with current variable values

   4 5.0610290185e-02  -1.14e-02  2.47e+03    6.157132e-09

After 4 iterations the fit converged.
final sum of squares of residuals : 0.0506103
rel. change during last iteration : -1.13705e-07

degrees of freedom    (FIT_NDF)                        : 159
rms of residuals      (FIT_STDFIT) = sqrt(WSSR/ndf)    : 0.0178411
variance of residuals (reduced chisquare) = WSSR/ndf   : 0.000318304

Final set of parameters            Asymptotic Standard Error
=======================            ==========================
a               = 6.15713e-09      +/- 5.706e-11    (0.9267%)


*******************************************************************************
Wed Mar  6 10:32:14 2024


FIT:    data read from filename using 1:2
        format = x:z
        #datapoints = 160
        residuals are weighted equally (unit weight)

function used for fitting: O(x)
	O(x) = a*x**3
fitted parameters initialized with current variable values

   2 5.1687942424e-02  -3.90e-01  1.52e-03    5.926064e-09

After 2 iterations the fit converged.
final sum of squares of residuals : 0.0516879
rel. change during last iteration : -3.89622e-06

degrees of freedom    (FIT_NDF)                        : 159
rms of residuals      (FIT_STDFIT) = sqrt(WSSR/ndf)    : 0.01803
variance of residuals (reduced chisquare) = WSSR/ndf   : 0.000325081

Final set of parameters            Asymptotic Standard Error
=======================            ==========================
a               = 5.92606e-09      +/- 5.766e-11    (0.973%)


*******************************************************************************
Wed Mar  6 10:32:14 2024


FIT:    data read from filename using 1:2
        format = x:z
        #datapoints = 160
        residuals are weighted equally (unit weight)

function used for fitting: O(x)
	O(x) = a*x**3
fitted parameters initialized with current variable values

   3 6.0576964133e-02  -4.25e-09  1.46e-04    6.343868e-09

After 3 iterations the fit converged.
final sum of squares of residuals : 0.060577
rel. change during last iteration : -4.24968e-14

degrees of freedom    (FIT_NDF)                        : 159
rms of residuals      (FIT_STDFIT) = sqrt(WSSR/ndf)    : 0.0195189
variance of residuals (reduced chisquare) = WSSR/ndf   : 0.000380987

Final set of parameters            Asymptotic Standard Error
=======================            ==========================
a               = 6.34387e-09      +/- 6.242e-11    (0.984%)


*******************************************************************************
Wed Mar  6 10:32:14 2024


FIT:    data read from filename using 1:2
        format = x:z
        #datapoints = 160
        residuals are weighted equally (unit weight)

function used for fitting: O(x)
	O(x) = a*x**3
fitted parameters initialized with current variable values

   3 5.8064774512e-02  -1.42e-07  1.57e-04    8.706123e-09

After 3 iterations the fit converged.
final sum of squares of residuals : 0.0580648
rel. change during last iteration : -1.41599e-12

degrees of freedom    (FIT_NDF)                        : 159
rms of residuals      (FIT_STDFIT) = sqrt(WSSR/ndf)    : 0.0191099
variance of residuals (reduced chisquare) = WSSR/ndf   : 0.000365187

Final set of parameters            Asymptotic Standard Error
=======================            ==========================
a               = 8.70612e-09      +/- 6.112e-11    (0.702%)


*******************************************************************************
Wed Mar  6 10:37:13 2024


FIT:    data read from filename using 1:2
        format = x:z
        #datapoints = 160
        residuals are weighted equally (unit weight)

function used for fitting: O(x)
	O(x) = a*x**3
fitted parameters initialized with current variable values

   4 5.0610290185e-02  -1.14e-02  2.47e+03    6.157132e-09

After 4 iterations the fit converged.
final sum of squares of residuals : 0.0506103
rel. change during last iteration : -1.13705e-07

degrees of freedom    (FIT_NDF)                        : 159
rms of residuals      (FIT_STDFIT) = sqrt(WSSR/ndf)    : 0.0178411
variance of residuals (reduced chisquare) = WSSR/ndf   : 0.000318304

Final set of parameters            Asymptotic Standard Error
=======================            ==========================
a               = 6.15713e-09      +/- 5.706e-11    (0.9267%)


*******************************************************************************
Wed Mar  6 10:37:13 2024


FIT:    data read from filename using 1:2
        format = x:z
        #datapoints = 160
        residuals are weighted equally (unit weight)

function used for fitting: O(x)
	O(x) = a*x**3
fitted parameters initialized with current variable values

   2 5.1687942424e-02  -3.90e-01  1.52e-03    5.926064e-09

After 2 iterations the fit converged.
final sum of squares of residuals : 0.0516879
rel. change during last iteration : -3.89622e-06

degrees of freedom    (FIT_NDF)                        : 159
rms of residuals      (FIT_STDFIT) = sqrt(WSSR/ndf)    : 0.01803
variance of residuals (reduced chisquare) = WSSR/ndf   : 0.000325081

Final set of parameters            Asymptotic Standard Error
=======================            ==========================
a               = 5.92606e-09      +/- 5.766e-11    (0.973%)


*******************************************************************************
Wed Mar  6 10:37:13 2024


FIT:    data read from filename using 1:2
        format = x:z
        #datapoints = 160
        residuals are weighted equally (unit weight)

function used for fitting: O(x)
	O(x) = a*x**3
fitted parameters initialized with current variable values

   3 6.0576964133e-02  -4.25e-09  1.46e-04    6.343868e-09

After 3 iterations the fit converged.
final sum of squares of residuals : 0.060577
rel. change during last iteration : -4.24968e-14

degrees of freedom    (FIT_NDF)                        : 159
rms of residuals      (FIT_STDFIT) = sqrt(WSSR/ndf)    : 0.0195189
variance of residuals (reduced chisquare) = WSSR/ndf   : 0.000380987

Final set of parameters            Asymptotic Standard Error
=======================            ==========================
a               = 6.34387e-09      +/- 6.242e-11    (0.984%)


*******************************************************************************
Wed Mar  6 10:37:13 2024


FIT:    data read from filename using 1:2
        format = x:z
        #datapoints = 160
        residuals are weighted equally (unit weight)

function used for fitting: O(x)
	O(x) = a*x**3
fitted parameters initialized with current variable values

   3 5.8064774512e-02  -1.42e-07  1.57e-04    8.706123e-09

After 3 iterations the fit converged.
final sum of squares of residuals : 0.0580648
rel. change during last iteration : -1.41599e-12

degrees of freedom    (FIT_NDF)                        : 159
rms of residuals      (FIT_STDFIT) = sqrt(WSSR/ndf)    : 0.0191099
variance of residuals (reduced chisquare) = WSSR/ndf   : 0.000365187

Final set of parameters            Asymptotic Standard Error
=======================            ==========================
a               = 8.70612e-09      +/- 6.112e-11    (0.702%)
